Android/dbg/build/intermediates/manifest_merge_blame_file/debug/manifest-merger-blame-debug-report.txt
1<?xml version="1.0" encoding="utf-8"?>
2<manifest xmlns:android="http://schemas.android.com/apk/res/android"
3    package="com.masociete.sebene_money.go"
4    android:installLocation="auto"
5    android:versionCode="6"
6    android:versionName="0.0.2.0" >
7
8    <uses-sdk
8-->Android\dbg\AndroidManifest.xml:2:2631-2699
9        android:minSdkVersion="28"
9-->Android\dbg\AndroidManifest.xml:2:2641-2667
10        android:targetSdkVersion="28" />
10-->Android\dbg\AndroidManifest.xml:2:2668-2697
11
12    <supports-screens
12-->Android\dbg\AndroidManifest.xml:2:2699-2858
13        android:anyDensity="true"
13-->Android\dbg\AndroidManifest.xml:2:2831-2856
14        android:largeScreens="true"
14-->Android\dbg\AndroidManifest.xml:2:2774-2801
15        android:normalScreens="true"
15-->Android\dbg\AndroidManifest.xml:2:2745-2773
16        android:smallScreens="true"
16-->Android\dbg\AndroidManifest.xml:2:2717-2744
17        android:xlargeScreens="true" />
17-->Android\dbg\AndroidManifest.xml:2:2802-2830
18
19    <uses-permission android:name="android.permission.WRITE_EXTERNAL_STORAGE" />
19-->Android\dbg\AndroidManifest.xml:2:2858-2933
19-->Android\dbg\AndroidManifest.xml:2:2875-2931
20
21    <application
21-->Android\dbg\AndroidManifest.xml:2:239-2631
22        android:name="fr.pcsoft.wdjava.core.application.WDAndroidApp"
22-->Android\dbg\AndroidManifest.xml:2:252-313
23        android:appComponentFactory="android.support.v4.app.CoreComponentFactory"
23-->[com.android.support:support-compat:28.0.0] AndroidManifest.xml:22:18-91
24        android:debuggable="true"
24-->Android\dbg\AndroidManifest.xml:2:504-529
25        android:icon="@drawable/capture_d_ecran_2024_09_21_110129_2"
25-->Android\dbg\AndroidManifest.xml:2:347-407
26        android:label="@string/app_name"
26-->Android\dbg\AndroidManifest.xml:2:314-346
27        android:largeHeap="true"
27-->Android\dbg\AndroidManifest.xml:2:408-432
28        android:resizeableActivity="true"
28-->Android\dbg\AndroidManifest.xml:2:434-467
29        android:usesCleartextTraffic="true" >
29-->Android\dbg\AndroidManifest.xml:2:468-503
30        <activity
30-->Android\dbg\AndroidManifest.xml:2:530-946
31            android:name="com.masociete.sebene_money.wdgen.GWDPSebene_Money$WDLanceur"
31-->Android\dbg\AndroidManifest.xml:2:540-588
32            android:configChanges="keyboardHidden|orientation|screenSize|keyboard|smallestScreenSize|screenLayout"
32-->Android\dbg\AndroidManifest.xml:2:691-793
33            android:label="@string/app_name"
33-->Android\dbg\AndroidManifest.xml:2:589-621
34            android:theme="@style/Theme.AppCompat.Light.NoActionBar.Translucent" >
34-->Android\dbg\AndroidManifest.xml:2:622-690
35            <intent-filter>
35-->Android\dbg\AndroidManifest.xml:2:794-935
36                <action android:name="android.intent.action.MAIN" />
36-->Android\dbg\AndroidManifest.xml:2:809-860
36-->Android\dbg\AndroidManifest.xml:2:817-858
37
38                <category android:name="android.intent.category.LAUNCHER" />
38-->Android\dbg\AndroidManifest.xml:2:860-919
38-->Android\dbg\AndroidManifest.xml:2:870-917
39            </intent-filter>
40        </activity>
41        <activity
41-->Android\dbg\AndroidManifest.xml:2:946-1186
42            android:name="com.masociete.sebene_money.wdgen.GWDFFEN_Main$WDActiviteFenetre"
42-->Android\dbg\AndroidManifest.xml:2:956-1008
43            android:configChanges="keyboardHidden|orientation|screenSize|keyboard|smallestScreenSize|screenLayout"
43-->Android\dbg\AndroidManifest.xml:2:1009-1111
44            android:hardwareAccelerated="false"
44-->Android\dbg\AndroidManifest.xml:2:1149-1184
45            android:theme="@android:style/Theme" />
45-->Android\dbg\AndroidManifest.xml:2:1112-1148
46        <activity
46-->Android\dbg\AndroidManifest.xml:2:1186-1474
47            android:name="com.masociete.sebene_money.wdgen.GWDFFEN_connexion$WDActiviteFenetre"
47-->Android\dbg\AndroidManifest.xml:2:1196-1253
48            android:configChanges="keyboardHidden|orientation|screenSize|keyboard|smallestScreenSize|screenLayout"
48-->Android\dbg\AndroidManifest.xml:2:1254-1356
49            android:hardwareAccelerated="false"
49-->Android\dbg\AndroidManifest.xml:2:1437-1472
50            android:screenOrientation="sensorPortrait"
50-->Android\dbg\AndroidManifest.xml:2:1394-1436
51            android:theme="@android:style/Theme" />
51-->Android\dbg\AndroidManifest.xml:2:1357-1393
52        <activity
52-->Android\dbg\AndroidManifest.xml:2:1474-1714
53            android:name="com.masociete.sebene_money.wdgen.GWDFFEN_Plus$WDActiviteFenetre"
53-->Android\dbg\AndroidManifest.xml:2:1484-1536
54            android:configChanges="keyboardHidden|orientation|screenSize|keyboard|smallestScreenSize|screenLayout"
54-->Android\dbg\AndroidManifest.xml:2:1537-1639
55            android:hardwareAccelerated="false"
55-->Android\dbg\AndroidManifest.xml:2:1677-1712
56            android:theme="@android:style/Theme" />
56-->Android\dbg\AndroidManifest.xml:2:1640-1676
57
58        <uses-library
58-->Android\dbg\AndroidManifest.xml:2:1714-1792
59            android:name="org.apache.http.legacy"
59-->Android\dbg\AndroidManifest.xml:2:1728-1765
60            android:required="false" />
60-->Android\dbg\AndroidManifest.xml:2:1766-1790
61
62        <activity
62-->Android\dbg\AndroidManifest.xml:2:1792-2001
63            xmlns:android="http://schemas.android.com/apk/res/android"
63-->Android\dbg\AndroidManifest.xml:2:1802-1860
64            android:name="fr.pcsoft.wdjava.ui.activite.WDActivite$BlankActivity"
64-->Android\dbg\AndroidManifest.xml:2:1861-1929
65            android:theme="@android:style/Theme.Translucent" />
65-->Android\dbg\AndroidManifest.xml:2:1930-1978
66        <activity
66-->Android\dbg\AndroidManifest.xml:2:2001-2222
67            xmlns:android="http://schemas.android.com/apk/res/android"
67-->Android\dbg\AndroidManifest.xml:2:2011-2069
68            android:name="fr.pcsoft.wdjava.core.erreur.report.WDErrorReportActivity"
68-->Android\dbg\AndroidManifest.xml:2:2070-2142
69            android:theme="@android:style/Theme.DeviceDefault.Light" />
69-->Android\dbg\AndroidManifest.xml:2:2143-2199
70
71        <service android:name="fr.pcsoft.wdjava.core.service.WDServiceLocal" />
71-->Android\dbg\AndroidManifest.xml:2:2222-2292
71-->Android\dbg\AndroidManifest.xml:2:2231-2290
72
73        <meta-data
73-->Android\dbg\AndroidManifest.xml:2:2292-2377
74            android:name="fr.pcsoft.first_window_name"
74-->Android\dbg\AndroidManifest.xml:2:2303-2345
75            android:value="FEN_connexion" />
75-->Android\dbg\AndroidManifest.xml:2:2346-2375
76        <meta-data
76-->Android\dbg\AndroidManifest.xml:2:2377-2456
77            android:name="fr.pcsoft.first_window_name_tablet"
77-->Android\dbg\AndroidManifest.xml:2:2388-2437
78            android:value="" />
78-->Android\dbg\AndroidManifest.xml:2:2438-2454
79        <meta-data
79-->Android\dbg\AndroidManifest.xml:2:2456-2536
80            android:name="fr.pcsoft.splash_orientation_phone"
80-->Android\dbg\AndroidManifest.xml:2:2467-2516
81            android:value="1" />
81-->Android\dbg\AndroidManifest.xml:2:2517-2534
82        <meta-data
82-->Android\dbg\AndroidManifest.xml:2:2536-2617
83            android:name="fr.pcsoft.splash_orientation_tablet"
83-->Android\dbg\AndroidManifest.xml:2:2547-2597
84            android:value="4" />
84-->Android\dbg\AndroidManifest.xml:2:2598-2615
85    </application>
86
87</manifest>